d:\dev\speedblocks-master (1)\speedblocks-master\debug\vc140.pdb
d:\dev\speedblocks-master (1)\speedblocks-master\debug\vc140.idb
d:\dev\speedblocks-master (1)\speedblocks-master\debug\emptyresourcepath.obj
d:\dev\speedblocks-master (1)\speedblocks-master\debug\gamefield.obj
d:\dev\speedblocks-master (1)\speedblocks-master\debug\gamefielddrawer.obj
d:\dev\speedblocks-master (1)\speedblocks-master\debug\gameplay.obj
d:\dev\speedblocks-master (1)\speedblocks-master\debug\gui.obj
d:\dev\speedblocks-master (1)\speedblocks-master\debug\main.obj
d:\dev\speedblocks-master (1)\speedblocks-master\debug\mingwconvert.obj
d:\dev\speedblocks-master (1)\speedblocks-master\debug\network.obj
d:\dev\speedblocks-master (1)\speedblocks-master\debug\optionset.obj
d:\dev\speedblocks-master (1)\speedblocks-master\debug\packetcompress.obj
d:\dev\speedblocks-master (1)\speedblocks-master\debug\pieces.obj
d:\dev\speedblocks-master (1)\speedblocks-master\debug\randomizer.obj
d:\dev\speedblocks-master (1)\speedblocks-master\debug\sounds.obj
d:\dev\speedblocks-master (1)\speedblocks-master\debug\textures.obj
d:\dev\speedblocks-master (1)\speedblocks-master\debug\speedblocks.ilk
d:\dev\speedblocks-master (1)\speedblocks-master\debug\speedblocks.exe
d:\dev\speedblocks-master (1)\speedblocks-master\debug\speedblocks.pdb
d:\dev\speedblocks-master (1)\speedblocks-master\debug\speedblocks.tlog\cl.command.1.tlog
d:\dev\speedblocks-master (1)\speedblocks-master\debug\speedblocks.tlog\cl.read.1.tlog
d:\dev\speedblocks-master (1)\speedblocks-master\debug\speedblocks.tlog\cl.write.1.tlog
d:\dev\speedblocks-master (1)\speedblocks-master\debug\speedblocks.tlog\link.command.1.tlog
d:\dev\speedblocks-master (1)\speedblocks-master\debug\speedblocks.tlog\link.read.1.tlog
d:\dev\speedblocks-master (1)\speedblocks-master\debug\speedblocks.tlog\link.write.1.tlog
